Arguments: 
  /usr/bin/node /usr/bin/yarn

PATH: 
  /home/ivan/.mix/escripts:/home/ivan/.yarn/bin:/home/ivan/go/bin:/home/ivan/.flutter/bin:/usr/local/bin:/usr/bin:/usr/local/sbin:/home/ivan/.dotnet/tools:/usr/lib/jvm/default/bin:/usr/bin/site_perl:/usr/bin/vendor_perl:/usr/bin/core_perl

Yarn version: 
  1.22.10

Node version: 
  14.16.0

Platform: 
  linux x64

Trace: 
  Error: EPERM: operation not permitted, symlink '../../../parser/bin/babel-parser.js' -> '/run/media/ivan/SSD/YOGARCH/Documents/Projects/kanban_liveview/assets/node_modules/@babel/core/node_modules/.bin/parser'

npm manifest: 
  {
    "repository": {},
    "description": " ",
    "license": "MIT",
    "scripts": {
      "deploy": "webpack --mode production",
      "watch": "webpack --mode development --watch"
    },
    "dependencies": {
      "phoenix": "file:../deps/phoenix",
      "phoenix_html": "file:../deps/phoenix_html",
      "phoenix_live_view": "file:../deps/phoenix_live_view",
      "topbar": "^0.1.4"
    },
    "devDependencies": {
      "@babel/core": "^7.0.0",
      "@babel/preset-env": "^7.0.0",
      "babel-loader": "^8.0.0",
      "copy-webpack-plugin": "^5.1.1",
      "css-loader": "^3.4.2",
      "sass-loader": "^8.0.2",
      "node-sass": "^4.13.1",
      "hard-source-webpack-plugin": "^0.13.1",
      "mini-css-extract-plugin": "^0.9.0",
      "optimize-css-assets-webpack-plugin": "^5.0.1",
      "terser-webpack-plugin": "^2.3.2",
      "webpack": "^4.41.5",
      "webpack-cli": "^3.3.2"
    }
  }

yarn manifest: 
  No manifest

Lockfile: 
  No lockfile
